0 verbose cli /usr/bin/node /usr/bin/npm
1 info using npm@10.9.2
2 info using node@v20.19.0
3 silly config load:file:/usr/lib/node_modules/npm/npmrc
4 silly config load:file:/mnt/d/Users/steph/Documents/5ème_trimestre/holbertonschool-web_react/react_intro/task_4/dashboard/.npmrc
5 silly config load:file:/mnt/d/Users/steph/Documents/5ème_trimestre/holbertonschool-web_react/react_intro/task_4/dashboard/https:/sdinahet.github.io/holbertonschool-web_react/.npmrc
6 silly config load:file:/usr/etc/npmrc
7 verbose title npm run build
8 verbose argv "run" "build"
9 verbose logfile logs-max:10 dir:/mnt/d/Users/steph/Documents/5ème_trimestre/holbertonschool-web_react/react_intro/task_4/dashboard/https:/sdinahet.github.io/holbertonschool-web_react/.npm/_logs/2025-09-29T00_25_08_789Z-
10 verbose logfile /mnt/d/Users/steph/Documents/5ème_trimestre/holbertonschool-web_react/react_intro/task_4/dashboard/https:/sdinahet.github.io/holbertonschool-web_react/.npm/_logs/2025-09-29T00_25_08_789Z-debug-0.log
11 silly logfile done cleaning log files
12 http fetch GET 200 https://registry.npmjs.org/npm 570ms
13 verbose cwd /mnt/d/Users/steph/Documents/5ème_trimestre/holbertonschool-web_react/react_intro/task_4/dashboard
14 verbose os Linux 5.15.167.4-microsoft-standard-WSL2
15 verbose node v20.19.0
16 verbose npm  v10.9.2
17 notice
17 notice New [31mmajor[39m version of npm available! [31m10.9.2[39m -> [34m11.6.1[39m
17 notice Changelog: [34mhttps://github.com/npm/cli/releases/tag/v11.6.1[39m
17 notice To update run: [4mnpm install -g npm@11.6.1[24m
17 notice  { force: true, [Symbol(proc-log.meta)]: true }
18 verbose exit 0
19 info ok
